<?xml version="1.0" encoding="UTF-8"?>
<!-- Generated by org.testng.reporters.JUnitXMLReporter -->
<testsuite ignored="0" hostname="NPC" failures="3" tests="3" name="Surefire test" time="0.12" errors="0" timestamp="17 Jun. 2024 15:26:36 GMT">
  <testcase classname="test.AddCustomerTest" name="userShouldBeAbleToCreateNewCustomer" time="0.08">
    <failure type="java.lang.IllegalStateException" message="The driver executable does not exist: C:\Users\clair\OneDrive\Desktop\Selenium\JsonProjet\drivers\chromedriver.exe">
      <![CDATA[java.lang.IllegalStateException: The driver executable does not exist: C:\Users\clair\OneDrive\Desktop\Selenium\JsonProjet\drivers\chromedriver.exe
at com.google.common.base.Preconditions.checkState(Preconditions.java:585)
at org.openqa.selenium.remote.service.DriverService.checkExecutable(DriverService.java:146)
at org.openqa.selenium.remote.service.DriverService.findExecutable(DriverService.java:141)
at org.openqa.selenium.chrome.ChromeDriverService.access$000(ChromeDriverService.java:35)
at org.openqa.selenium.chrome.ChromeDriverService$Builder.findDefaultExecutable(ChromeDriverService.java:159)
at org.openqa.selenium.remote.service.DriverService$Builder.build(DriverService.java:355)
at org.openqa.selenium.chrome.ChromeDriverService.createDefaultService(ChromeDriverService.java:94)
at org.openqa.selenium.chrome.ChromeDriver.<init>(ChromeDriver.java:123)
at util.BrowserFactory.init(BrowserFactory.java:54)
at test.AddCustomerTest.userShouldBeAbleToCreateNewCustomer(AddCustomerTest.java:36)
... Removed 29 stack frames]]>
    </failure>
  </testcase> <!-- userShouldBeAbleToCreateNewCustomer -->
  <testcase classname="test.LoginTest" name="validUserShouldBeAbleToLogin" time="0.004">
    <failure type="java.lang.IllegalStateException" message="The driver executable does not exist: C:\Users\clair\OneDrive\Desktop\Selenium\JsonProjet\drivers\chromedriver.exe">
      <![CDATA[java.lang.IllegalStateException: The driver executable does not exist: C:\Users\clair\OneDrive\Desktop\Selenium\JsonProjet\drivers\chromedriver.exe
at com.google.common.base.Preconditions.checkState(Preconditions.java:585)
at org.openqa.selenium.remote.service.DriverService.checkExecutable(DriverService.java:146)
at org.openqa.selenium.remote.service.DriverService.findExecutable(DriverService.java:141)
at org.openqa.selenium.chrome.ChromeDriverService.access$000(ChromeDriverService.java:35)
at org.openqa.selenium.chrome.ChromeDriverService$Builder.findDefaultExecutable(ChromeDriverService.java:159)
at org.openqa.selenium.remote.service.DriverService$Builder.build(DriverService.java:355)
at org.openqa.selenium.chrome.ChromeDriverService.createDefaultService(ChromeDriverService.java:94)
at org.openqa.selenium.chrome.ChromeDriver.<init>(ChromeDriver.java:123)
at util.BrowserFactory.init(BrowserFactory.java:54)
at test.LoginTest.validUserShouldBeAbleToLogin(LoginTest.java:26)
... Removed 29 stack frames]]>
    </failure>
  </testcase> <!-- validUserShouldBeAbleToLogin -->
  <testcase classname="test.LoginTest" name="validateAlertPopup" time="0.003">
    <failure type="java.lang.IllegalStateException" message="The driver executable does not exist: C:\Users\clair\OneDrive\Desktop\Selenium\JsonProjet\drivers\chromedriver.exe">
      <![CDATA[java.lang.IllegalStateException: The driver executable does not exist: C:\Users\clair\OneDrive\Desktop\Selenium\JsonProjet\drivers\chromedriver.exe
at com.google.common.base.Preconditions.checkState(Preconditions.java:585)
at org.openqa.selenium.remote.service.DriverService.checkExecutable(DriverService.java:146)
at org.openqa.selenium.remote.service.DriverService.findExecutable(DriverService.java:141)
at org.openqa.selenium.chrome.ChromeDriverService.access$000(ChromeDriverService.java:35)
at org.openqa.selenium.chrome.ChromeDriverService$Builder.findDefaultExecutable(ChromeDriverService.java:159)
at org.openqa.selenium.remote.service.DriverService$Builder.build(DriverService.java:355)
at org.openqa.selenium.chrome.ChromeDriverService.createDefaultService(ChromeDriverService.java:94)
at org.openqa.selenium.chrome.ChromeDriver.<init>(ChromeDriver.java:123)
at util.BrowserFactory.init(BrowserFactory.java:54)
at test.LoginTest.validateAlertPopup(LoginTest.java:41)
... Removed 29 stack frames]]>
    </failure>
  </testcase> <!-- validateAlertPopup -->
</testsuite> <!-- Surefire test -->
